[2026-05-01 21:15:26] 🚀 Starting Autonomous Roadmap Execution
[2026-05-01 21:15:26] 📝 Logging to: autonomous_development/roadmap_execution_20260501_211526.log
[2026-05-01 21:15:26] ======================================================================
[2026-05-01 21:15:26] 📊 Total roadmap tasks: 20
[2026-05-01 21:15:26] 
[2026-05-01 21:15:26] 
======================================================================
[2026-05-01 21:15:26] 🎯 Phase 1: Scanner Enhancement (1/4)
[2026-05-01 21:15:26] ======================================================================
[2026-05-01 21:15:26] 
📌 Task 1/5: Create Path Traversal Scanner
[2026-05-01 21:15:26]    🤖 AI agent working on task...
[2026-05-01 21:16:53]    ✅ Task completed! Progress: 1/20 (5.0%)
[2026-05-01 21:16:53]    📄 Saved to: autonomous_development/phase1_task1_Create_Path_Traversal_Scanner.txt
[2026-05-01 21:16:55] 
📌 Task 2/5: Create XXE (XML External Entity) Scanner
[2026-05-01 21:16:55]    🤖 AI agent working on task...
[2026-05-01 21:18:02]    ✅ Task completed! Progress: 2/20 (10.0%)
[2026-05-01 21:18:02]    📄 Saved to: autonomous_development/phase1_task2_Create_XXE_(XML_External_Entit.txt
[2026-05-01 21:18:04] 
📌 Task 3/5: Create Command Injection Scanner
[2026-05-01 21:18:04]    🤖 AI agent working on task...
[2026-05-01 21:18:51]    ✅ Task completed! Progress: 3/20 (15.0%)
[2026-05-01 21:18:51]    📄 Saved to: autonomous_development/phase1_task3_Create_Command_Injection_Scann.txt
[2026-05-01 21:18:53] 
📌 Task 4/5: Create File Upload Vulnerability Scanner
[2026-05-01 21:18:53]    🤖 AI agent working on task...
[2026-05-01 21:19:42]    ✅ Task completed! Progress: 4/20 (20.0%)
[2026-05-01 21:19:42]    📄 Saved to: autonomous_development/phase1_task4_Create_File_Upload_Vulnerabili.txt
[2026-05-01 21:19:44] 
📌 Task 5/5: Optimize all scanners for performance
[2026-05-01 21:19:44]    🤖 AI agent working on task...
[2026-05-01 21:21:01]    ✅ Task completed! Progress: 5/20 (25.0%)
[2026-05-01 21:21:01]    📄 Saved to: autonomous_development/phase1_task5_Optimize_all_scanners_for_perf.txt
[2026-05-01 21:21:03] 
✅ Phase 1: Scanner Enhancement complete!
[2026-05-01 21:21:03] 
======================================================================
[2026-05-01 21:21:03] 🎯 Phase 2: Reporting System (2/4)
[2026-05-01 21:21:03] ======================================================================
[2026-05-01 21:21:03] 
📌 Task 1/5: Create PDF report generator
[2026-05-01 21:21:03]    🤖 AI agent working on task...
[2026-05-01 21:22:47]    ✅ Task completed! Progress: 6/20 (30.0%)
[2026-05-01 21:22:47]    📄 Saved to: autonomous_development/phase2_task1_Create_PDF_report_generator.txt
[2026-05-01 21:22:49] 
📌 Task 2/5: Create HTML dashboard reports
[2026-05-01 21:22:49]    🤖 AI agent working on task...
[2026-05-01 21:23:27]    ✅ Task completed! Progress: 7/20 (35.0%)
[2026-05-01 21:23:27]    📄 Saved to: autonomous_development/phase2_task2_Create_HTML_dashboard_reports.txt
[2026-05-01 21:23:29] 
📌 Task 3/5: Add vulnerability severity scoring
[2026-05-01 21:23:29]    🤖 AI agent working on task...
[2026-05-01 21:24:28]    ✅ Task completed! Progress: 8/20 (40.0%)
[2026-05-01 21:24:28]    📄 Saved to: autonomous_development/phase2_task3_Add_vulnerability_severity_sco.txt
[2026-05-01 21:24:30] 
📌 Task 4/5: Implement CVE database integration
[2026-05-01 21:24:30]    🤖 AI agent working on task...
[2026-05-01 21:25:05]    ✅ Task completed! Progress: 9/20 (45.0%)
[2026-05-01 21:25:05]    📄 Saved to: autonomous_development/phase2_task4_Implement_CVE_database_integra.txt
[2026-05-01 21:25:07] 
📌 Task 5/5: Create executive summary generator
[2026-05-01 21:25:07]    🤖 AI agent working on task...
[2026-05-01 21:26:06]    ✅ Task completed! Progress: 10/20 (50.0%)
[2026-05-01 21:26:06]    📄 Saved to: autonomous_development/phase2_task5_Create_executive_summary_gener.txt
[2026-05-01 21:26:08] 
✅ Phase 2: Reporting System complete!
[2026-05-01 21:26:08] 
======================================================================
[2026-05-01 21:26:08] 🎯 Phase 3: Integration & API (3/4)
[2026-05-01 21:26:08] ======================================================================
[2026-05-01 21:26:08] 
📌 Task 1/5: Build REST API for scanner access
[2026-05-01 21:26:08]    🤖 AI agent working on task...
[2026-05-01 21:26:59]    ✅ Task completed! Progress: 11/20 (55.0%)
[2026-05-01 21:26:59]    📄 Saved to: autonomous_development/phase3_task1_Build_REST_API_for_scanner_acc.txt
[2026-05-01 21:27:01] 
📌 Task 2/5: Create webhook notifications
[2026-05-01 21:27:01]    🤖 AI agent working on task...
[2026-05-01 21:27:28]    ✅ Task completed! Progress: 12/20 (60.0%)
[2026-05-01 21:27:28]    📄 Saved to: autonomous_development/phase3_task2_Create_webhook_notifications.txt
[2026-05-01 21:27:30] 
📌 Task 3/5: Add Slack/Discord integration
[2026-05-01 21:27:30]    🤖 AI agent working on task...
[2026-05-01 21:27:55]    ✅ Task completed! Progress: 13/20 (65.0%)
[2026-05-01 21:27:55]    📄 Saved to: autonomous_development/phase3_task3_Add_Slack/Discord_integration.txt
[2026-05-01 21:27:57] 
📌 Task 4/5: Implement CI/CD pipeline integration
[2026-05-01 21:27:57]    🤖 AI agent working on task...
[2026-05-01 21:28:34]    ✅ Task completed! Progress: 14/20 (70.0%)
[2026-05-01 21:28:34]    📄 Saved to: autonomous_development/phase3_task4_Implement_CI/CD_pipeline_integ.txt
[2026-05-01 21:28:36] 
📌 Task 5/5: Create GitHub Action
[2026-05-01 21:28:36]    🤖 AI agent working on task...
[2026-05-01 21:29:03]    ✅ Task completed! Progress: 15/20 (75.0%)
[2026-05-01 21:29:03]    📄 Saved to: autonomous_development/phase3_task5_Create_GitHub_Action.txt
[2026-05-01 21:29:05] 
✅ Phase 3: Integration & API complete!
[2026-05-01 21:29:05] 
======================================================================
[2026-05-01 21:29:05] 🎯 Phase 4: Advanced Features (4/4)
[2026-05-01 21:29:05] ======================================================================
[2026-05-01 21:29:05] 
📌 Task 1/5: Implement ML-based vulnerability prediction
[2026-05-01 21:29:05]    🤖 AI agent working on task...
[2026-05-01 21:29:56]    ✅ Task completed! Progress: 16/20 (80.0%)
[2026-05-01 21:29:56]    📄 Saved to: autonomous_development/phase4_task1_Implement_ML-based_vulnerabili.txt
[2026-05-01 21:29:58] 
📌 Task 2/5: Add automated exploit generation
[2026-05-01 21:29:58]    🤖 AI agent working on task...
[2026-05-01 21:30:38]    ✅ Task completed! Progress: 17/20 (85.0%)
[2026-05-01 21:30:38]    📄 Saved to: autonomous_development/phase4_task2_Add_automated_exploit_generati.txt
[2026-05-01 21:30:40] 
📌 Task 3/5: Create vulnerability correlation engine
[2026-05-01 21:30:40]    🤖 AI agent working on task...
[2026-05-01 21:31:17]    ✅ Task completed! Progress: 18/20 (90.0%)
[2026-05-01 21:31:17]    📄 Saved to: autonomous_development/phase4_task3_Create_vulnerability_correlati.txt
[2026-05-01 21:31:19] 
📌 Task 4/5: Build attack chain detector
[2026-05-01 21:31:19]    🤖 AI agent working on task...
[2026-05-01 21:32:05]    ✅ Task completed! Progress: 19/20 (95.0%)
[2026-05-01 21:32:05]    📄 Saved to: autonomous_development/phase4_task4_Build_attack_chain_detector.txt
[2026-05-01 21:32:07] 
📌 Task 5/5: Implement smart retry logic
[2026-05-01 21:32:07]    🤖 AI agent working on task...
[2026-05-01 21:32:41]    ✅ Task completed! Progress: 20/20 (100.0%)
[2026-05-01 21:32:41]    📄 Saved to: autonomous_development/phase4_task5_Implement_smart_retry_logic.txt
[2026-05-01 21:32:43] 
✅ Phase 4: Advanced Features complete!
[2026-05-01 21:32:43] 
======================================================================
[2026-05-01 21:32:43] 📊 ROADMAP EXECUTION SUMMARY
[2026-05-01 21:32:43] ======================================================================
[2026-05-01 21:32:43] Total Tasks: 20
[2026-05-01 21:32:43] Completed: 20
[2026-05-01 21:32:43] Success Rate: 100.0%
[2026-05-01 21:32:43] Output Directory: autonomous_development/
[2026-05-01 21:32:43] 
[2026-05-01 21:32:43] 🎉 ROADMAP FULLY COMPLETED!
[2026-05-01 21:32:43] ✅ All autonomous development tasks finished
[2026-05-01 21:32:43] 
╔══════════════════════════════════════════════════════════════╗
[2026-05-01 21:32:43] ║  🤖 AUTONOMOUS DEVELOPMENT SESSION COMPLETE                 ║
[2026-05-01 21:32:43] ╚══════════════════════════════════════════════════════════════╝
