[2026-05-01 02:26:17] 🚀 Starting Autonomous Roadmap Execution
[2026-05-01 02:26:17] 📝 Logging to: autonomous_development/roadmap_execution_20260501_022617.log
[2026-05-01 02:26:17] ======================================================================
[2026-05-01 02:26:17] 📊 Total roadmap tasks: 20
[2026-05-01 02:26:17] 
[2026-05-01 02:26:17] 
======================================================================
[2026-05-01 02:26:17] 🎯 Phase 1: Scanner Enhancement (1/4)
[2026-05-01 02:26:17] ======================================================================
[2026-05-01 02:26:17] 
📌 Task 1/5: Create Path Traversal Scanner
[2026-05-01 02:26:17]    🤖 AI agent working on task...
[2026-05-01 02:27:12]    ✅ Task completed! Progress: 1/20 (5.0%)
[2026-05-01 02:27:12]    📄 Saved to: autonomous_development/phase1_task1_Create_Path_Traversal_Scanner.txt
[2026-05-01 02:27:14] 
📌 Task 2/5: Create XXE (XML External Entity) Scanner
[2026-05-01 02:27:14]    🤖 AI agent working on task...
[2026-05-01 02:27:53]    ✅ Task completed! Progress: 2/20 (10.0%)
[2026-05-01 02:27:53]    📄 Saved to: autonomous_development/phase1_task2_Create_XXE_(XML_External_Entit.txt
[2026-05-01 02:27:55] 
📌 Task 3/5: Create Command Injection Scanner
[2026-05-01 02:27:55]    🤖 AI agent working on task...
[2026-05-01 02:28:17]    ✅ Task completed! Progress: 3/20 (15.0%)
[2026-05-01 02:28:17]    📄 Saved to: autonomous_development/phase1_task3_Create_Command_Injection_Scann.txt
[2026-05-01 02:28:19] 
📌 Task 4/5: Create File Upload Vulnerability Scanner
[2026-05-01 02:28:19]    🤖 AI agent working on task...
[2026-05-01 02:29:02]    ✅ Task completed! Progress: 4/20 (20.0%)
[2026-05-01 02:29:02]    📄 Saved to: autonomous_development/phase1_task4_Create_File_Upload_Vulnerabili.txt
[2026-05-01 02:29:04] 
📌 Task 5/5: Optimize all scanners for performance
[2026-05-01 02:29:04]    🤖 AI agent working on task...
[2026-05-01 02:29:42]    ✅ Task completed! Progress: 5/20 (25.0%)
[2026-05-01 02:29:42]    📄 Saved to: autonomous_development/phase1_task5_Optimize_all_scanners_for_perf.txt
[2026-05-01 02:29:44] 
✅ Phase 1: Scanner Enhancement complete!
[2026-05-01 02:29:44] 
======================================================================
[2026-05-01 02:29:44] 🎯 Phase 2: Reporting System (2/4)
[2026-05-01 02:29:44] ======================================================================
[2026-05-01 02:29:44] 
📌 Task 1/5: Create PDF report generator
[2026-05-01 02:29:44]    🤖 AI agent working on task...
[2026-05-01 02:30:25]    ✅ Task completed! Progress: 6/20 (30.0%)
[2026-05-01 02:30:25]    📄 Saved to: autonomous_development/phase2_task1_Create_PDF_report_generator.txt
[2026-05-01 02:30:27] 
📌 Task 2/5: Create HTML dashboard reports
[2026-05-01 02:30:27]    🤖 AI agent working on task...
[2026-05-01 02:31:05]    ✅ Task completed! Progress: 7/20 (35.0%)
[2026-05-01 02:31:05]    📄 Saved to: autonomous_development/phase2_task2_Create_HTML_dashboard_reports.txt
[2026-05-01 02:31:07] 
📌 Task 3/5: Add vulnerability severity scoring
[2026-05-01 02:31:07]    🤖 AI agent working on task...
[2026-05-01 02:31:43]    ✅ Task completed! Progress: 8/20 (40.0%)
[2026-05-01 02:31:43]    📄 Saved to: autonomous_development/phase2_task3_Add_vulnerability_severity_sco.txt
[2026-05-01 02:31:45] 
📌 Task 4/5: Implement CVE database integration
[2026-05-01 02:31:45]    🤖 AI agent working on task...
[2026-05-01 02:32:26]    ✅ Task completed! Progress: 9/20 (45.0%)
[2026-05-01 02:32:26]    📄 Saved to: autonomous_development/phase2_task4_Implement_CVE_database_integra.txt
[2026-05-01 02:32:28] 
📌 Task 5/5: Create executive summary generator
[2026-05-01 02:32:28]    🤖 AI agent working on task...
[2026-05-01 02:33:14]    ✅ Task completed! Progress: 10/20 (50.0%)
[2026-05-01 02:33:14]    📄 Saved to: autonomous_development/phase2_task5_Create_executive_summary_gener.txt
[2026-05-01 02:33:16] 
✅ Phase 2: Reporting System complete!
[2026-05-01 02:33:16] 
======================================================================
[2026-05-01 02:33:16] 🎯 Phase 3: Integration & API (3/4)
[2026-05-01 02:33:16] ======================================================================
[2026-05-01 02:33:16] 
📌 Task 1/5: Build REST API for scanner access
[2026-05-01 02:33:16]    🤖 AI agent working on task...
[2026-05-01 02:34:10]    ✅ Task completed! Progress: 11/20 (55.0%)
[2026-05-01 02:34:10]    📄 Saved to: autonomous_development/phase3_task1_Build_REST_API_for_scanner_acc.txt
[2026-05-01 02:34:12] 
📌 Task 2/5: Create webhook notifications
[2026-05-01 02:34:12]    🤖 AI agent working on task...
[2026-05-01 02:34:32]    ✅ Task completed! Progress: 12/20 (60.0%)
[2026-05-01 02:34:32]    📄 Saved to: autonomous_development/phase3_task2_Create_webhook_notifications.txt
[2026-05-01 02:34:34] 
📌 Task 3/5: Add Slack/Discord integration
[2026-05-01 02:34:34]    🤖 AI agent working on task...
[2026-05-01 02:35:10]    ✅ Task completed! Progress: 13/20 (65.0%)
[2026-05-01 02:35:10]    📄 Saved to: autonomous_development/phase3_task3_Add_Slack/Discord_integration.txt
[2026-05-01 02:35:12] 
📌 Task 4/5: Implement CI/CD pipeline integration
[2026-05-01 02:35:12]    🤖 AI agent working on task...
[2026-05-01 02:35:43]    ✅ Task completed! Progress: 14/20 (70.0%)
[2026-05-01 02:35:44]    📄 Saved to: autonomous_development/phase3_task4_Implement_CI/CD_pipeline_integ.txt
[2026-05-01 02:35:46] 
📌 Task 5/5: Create GitHub Action
[2026-05-01 02:35:46]    🤖 AI agent working on task...
[2026-05-01 02:36:33]    ✅ Task completed! Progress: 15/20 (75.0%)
[2026-05-01 02:36:33]    📄 Saved to: autonomous_development/phase3_task5_Create_GitHub_Action.txt
[2026-05-01 02:36:35] 
✅ Phase 3: Integration & API complete!
[2026-05-01 02:36:35] 
======================================================================
[2026-05-01 02:36:35] 🎯 Phase 4: Advanced Features (4/4)
[2026-05-01 02:36:35] ======================================================================
[2026-05-01 02:36:35] 
📌 Task 1/5: Implement ML-based vulnerability prediction
[2026-05-01 02:36:35]    🤖 AI agent working on task...
[2026-05-01 02:37:31]    ✅ Task completed! Progress: 16/20 (80.0%)
[2026-05-01 02:37:31]    📄 Saved to: autonomous_development/phase4_task1_Implement_ML-based_vulnerabili.txt
[2026-05-01 02:37:33] 
📌 Task 2/5: Add automated exploit generation
[2026-05-01 02:37:33]    🤖 AI agent working on task...
[2026-05-01 02:38:08]    ✅ Task completed! Progress: 17/20 (85.0%)
[2026-05-01 02:38:08]    📄 Saved to: autonomous_development/phase4_task2_Add_automated_exploit_generati.txt
[2026-05-01 02:38:10] 
📌 Task 3/5: Create vulnerability correlation engine
[2026-05-01 02:38:10]    🤖 AI agent working on task...
[2026-05-01 02:38:56]    ✅ Task completed! Progress: 18/20 (90.0%)
[2026-05-01 02:38:56]    📄 Saved to: autonomous_development/phase4_task3_Create_vulnerability_correlati.txt
[2026-05-01 02:38:58] 
📌 Task 4/5: Build attack chain detector
[2026-05-01 02:38:58]    🤖 AI agent working on task...
[2026-05-01 02:39:50]    ✅ Task completed! Progress: 19/20 (95.0%)
[2026-05-01 02:39:50]    📄 Saved to: autonomous_development/phase4_task4_Build_attack_chain_detector.txt
[2026-05-01 02:39:52] 
📌 Task 5/5: Implement smart retry logic
[2026-05-01 02:39:52]    🤖 AI agent working on task...
[2026-05-01 02:40:36]    ✅ Task completed! Progress: 20/20 (100.0%)
[2026-05-01 02:40:36]    📄 Saved to: autonomous_development/phase4_task5_Implement_smart_retry_logic.txt
[2026-05-01 02:40:38] 
✅ Phase 4: Advanced Features complete!
[2026-05-01 02:40:38] 
======================================================================
[2026-05-01 02:40:38] 📊 ROADMAP EXECUTION SUMMARY
[2026-05-01 02:40:38] ======================================================================
[2026-05-01 02:40:38] Total Tasks: 20
[2026-05-01 02:40:38] Completed: 20
[2026-05-01 02:40:38] Success Rate: 100.0%
[2026-05-01 02:40:38] Output Directory: autonomous_development/
[2026-05-01 02:40:38] 
[2026-05-01 02:40:38] 🎉 ROADMAP FULLY COMPLETED!
[2026-05-01 02:40:38] ✅ All autonomous development tasks finished
[2026-05-01 02:40:38] 
╔══════════════════════════════════════════════════════════════╗
[2026-05-01 02:40:38] ║  🤖 AUTONOMOUS DEVELOPMENT SESSION COMPLETE                 ║
[2026-05-01 02:40:38] ╚══════════════════════════════════════════════════════════════╝
